# JRE version: OpenJDK Runtime Environment Zulu17.58+21-CA (17.0.15+6) (build 17.0.15+6-LTS)
# Java VM: OpenJDK 64-Bit Server VM Zulu17.58+21-CA (17.0.15+6-LTS, mixed mode, sharing, tiered, compressed oops, compressed class ptrs, g1 gc, bsd-aarch64)
GC Precious Log:
 CPUs: 10 total, 10 available
 Memory: 16384M
 Large Page Support: Disabled
 NUMA Support: Disabled
 Compressed Oops: Enabled (Zero based)
 Heap Region Size: 2M
 Heap Min Capacity: 8M
 Heap Initial Capacity: 256M
 Heap Max Capacity: 4G
 Pre-touch: Disabled
 Parallel Workers: 9
 Concurrent Workers: 2
 Concurrent Refinement Workers: 9
 Periodic GC: Disabled
Heap:
 garbage-first heap   total 40960K, used 19302K [0x0000000700000000, 0x0000000800000000)
  region size 2048K, 7 young (14336K), 1 survivors (2048K)
 Metaspace       used 31867K, committed 32128K, reserved 1114112K
  class space    used 3272K, committed 3392K, reserved 1048576K
GC Heap History (12 events):
Event: 0.695 GC heap before
{Heap before GC invocations=0 (full 0):
 garbage-first heap   total 266240K, used 22448K [0x0000000700000000, 0x0000000800000000)
  region size 2048K, 11 young (22528K), 0 survivors (0K)
 Metaspace       used 7260K, committed 7424K, reserved 1114112K
  class space    used 671K, committed 768K, reserved 1048576K
}
Event: 0.697 GC heap after
{Heap after GC invocations=1 (full 0):
 garbage-first heap   total 266240K, used 5253K [0x0000000700000000, 0x0000000800000000)
  region size 2048K, 2 young (4096K), 2 survivors (4096K)
 Metaspace       used 7260K, committed 7424K, reserved 1114112K
  class space    used 671K, committed 768K, reserved 1048576K
}
Event: 1.032 GC heap before
{Heap before GC invocations=1 (full 0):
 garbage-first heap   total 266240K, used 35973K [0x0000000700000000, 0x0000000800000000)
  region size 2048K, 16 young (32768K), 2 survivors (4096K)
 Metaspace       used 18040K, committed 18240K, reserved 1114112K
  class space    used 1945K, committed 2048K, reserved 1048576K
}
Event: 1.033 GC heap after
{Heap after GC invocations=2 (full 0):
 garbage-first heap   total 266240K, used 6696K [0x0000000700000000, 0x0000000800000000)
  region size 2048K, 1 young (2048K), 1 survivors (2048K)
 Metaspace       used 18040K, committed 18240K, reserved 1114112K
  class space    used 1945K, committed 2048K, reserved 1048576K
}
Event: 1.124 GC heap before
{Heap before GC invocations=2 (full 0):
 garbage-first heap   total 266240K, used 21032K [0x0000000700000000, 0x0000000800000000)
  region size 2048K, 9 young (18432K), 1 survivors (2048K)
 Metaspace       used 21306K, committed 21504K, reserved 1114112K
  class space    used 2266K, committed 2368K, reserved 1048576K
}
Event: 1.125 GC heap after
{Heap after GC invocations=3 (full 0):
 garbage-first heap   total 266240K, used 7045K [0x0000000700000000, 0x0000000800000000)
  region size 2048K, 1 young (2048K), 1 survivors (2048K)
 Metaspace       used 21306K, committed 21504K, reserved 1114112K
  class space    used 2266K, committed 2368K, reserved 1048576K
}
Event: 6.967 GC heap before
{Heap before GC invocations=4 (full 0):
 garbage-first heap   total 40960K, used 29573K [0x0000000700000000, 0x0000000800000000)
  region size 2048K, 12 young (24576K), 1 survivors (2048K)
 Metaspace       used 27465K, committed 27712K, reserved 1114112K
  class space    used 2876K, committed 3008K, reserved 1048576K
}
Event: 6.969 GC heap after
{Heap after GC invocations=5 (full 0):
 garbage-first heap   total 40960K, used 8183K [0x0000000700000000, 0x0000000800000000)
  region size 2048K, 2 young (4096K), 2 survivors (4096K)
 Metaspace       used 27465K, committed 27712K, reserved 1114112K
  class space    used 2876K, committed 3008K, reserved 1048576K
}
Event: 6.992 GC heap before
{Heap before GC invocations=5 (full 0):
 garbage-first heap   total 40960K, used 8183K [0x0000000700000000, 0x0000000800000000)
  region size 2048K, 3 young (6144K), 2 survivors (4096K)
 Metaspace       used 28003K, committed 28288K, reserved 1114112K
  class space    used 2925K, committed 3072K, reserved 1048576K
}
Event: 6.995 GC heap after
{Heap after GC invocations=6 (full 0):
 garbage-first heap   total 40960K, used 8559K [0x0000000700000000, 0x0000000800000000)
  region size 2048K, 1 young (2048K), 1 survivors (2048K)
 Metaspace       used 28003K, committed 28288K, reserved 1114112K
  class space    used 2925K, committed 3072K, reserved 1048576K
}
Event: 11.297 GC heap before
{Heap before GC invocations=6 (full 0):
 garbage-first heap   total 40960K, used 26991K [0x0000000700000000, 0x0000000800000000)
  region size 2048K, 10 young (20480K), 1 survivors (2048K)
 Metaspace       used 31452K, committed 31680K, reserved 1114112K
  class space    used 3228K, committed 3328K, reserved 1048576K
}
Event: 11.298 GC heap after
{Heap after GC invocations=7 (full 0):
 garbage-first heap   total 40960K, used 9062K [0x0000000700000000, 0x0000000800000000)
  region size 2048K, 1 young (2048K), 1 survivors (2048K)
 Metaspace       used 31452K, committed 31680K, reserved 1114112K
  class space    used 3228K, committed 3328K, reserved 1048576K
}

