# JRE version: OpenJDK Runtime Environment Zulu17.58+21-CA (17.0.15+6) (build 17.0.15+6-LTS)
# Java VM: OpenJDK 64-Bit Server VM Zulu17.58+21-CA (17.0.15+6-LTS, mixed mode, sharing, tiered, compressed oops, compressed class ptrs, g1 gc, bsd-aarch64)
GC Precious Log:
 CPUs: 10 total, 10 available
 Memory: 16384M
 Large Page Support: Disabled
 NUMA Support: Disabled
 Compressed Oops: Enabled (Zero based)
 Heap Region Size: 2M
 Heap Min Capacity: 8M
 Heap Initial Capacity: 256M
 Heap Max Capacity: 4G
 Pre-touch: Disabled
 Parallel Workers: 9
 Concurrent Workers: 2
 Concurrent Refinement Workers: 9
 Periodic GC: Disabled
Heap:
 garbage-first heap   total 40960K, used 21113K [0x0000000700000000, 0x0000000800000000)
  region size 2048K, 8 young (16384K), 1 survivors (2048K)
 Metaspace       used 32041K, committed 32384K, reserved 1114112K
  class space    used 3288K, committed 3456K, reserved 1048576K
GC Heap History (12 events):
Event: 1.071 GC heap before
{Heap before GC invocations=0 (full 0):
 garbage-first heap   total 266240K, used 22448K [0x0000000700000000, 0x0000000800000000)
  region size 2048K, 11 young (22528K), 0 survivors (0K)
 Metaspace       used 7136K, committed 7360K, reserved 1114112K
  class space    used 661K, committed 768K, reserved 1048576K
}
Event: 1.073 GC heap after
{Heap after GC invocations=1 (full 0):
 garbage-first heap   total 266240K, used 5252K [0x0000000700000000, 0x0000000800000000)
  region size 2048K, 2 young (4096K), 2 survivors (4096K)
 Metaspace       used 7136K, committed 7360K, reserved 1114112K
  class space    used 661K, committed 768K, reserved 1048576K
}
Event: 1.894 GC heap before
{Heap before GC invocations=1 (full 0):
 garbage-first heap   total 266240K, used 35972K [0x0000000700000000, 0x0000000800000000)
  region size 2048K, 16 young (32768K), 2 survivors (4096K)
 Metaspace       used 17986K, committed 18240K, reserved 1114112K
  class space    used 1932K, committed 2048K, reserved 1048576K
}
Event: 1.898 GC heap after
{Heap after GC invocations=2 (full 0):
 garbage-first heap   total 266240K, used 6564K [0x0000000700000000, 0x0000000800000000)
  region size 2048K, 1 young (2048K), 1 survivors (2048K)
 Metaspace       used 17986K, committed 18240K, reserved 1114112K
  class space    used 1932K, committed 2048K, reserved 1048576K
}
Event: 2.034 GC heap before
{Heap before GC invocations=2 (full 0):
 garbage-first heap   total 266240K, used 20900K [0x0000000700000000, 0x0000000800000000)
  region size 2048K, 9 young (18432K), 1 survivors (2048K)
 Metaspace       used 21321K, committed 21504K, reserved 1114112K
  class space    used 2270K, committed 2368K, reserved 1048576K
}
Event: 2.035 GC heap after
{Heap after GC invocations=3 (full 0):
 garbage-first heap   total 266240K, used 7016K [0x0000000700000000, 0x0000000800000000)
  region size 2048K, 1 young (2048K), 1 survivors (2048K)
 Metaspace       used 21321K, committed 21504K, reserved 1114112K
  class space    used 2270K, committed 2368K, reserved 1048576K
}
Event: 4.805 GC heap before
{Heap before GC invocations=4 (full 0):
 garbage-first heap   total 40960K, used 27496K [0x0000000700000000, 0x0000000800000000)
  region size 2048K, 12 young (24576K), 1 survivors (2048K)
 Metaspace       used 26936K, committed 27200K, reserved 1114112K
  class space    used 2808K, committed 2944K, reserved 1048576K
}
Event: 4.806 GC heap after
{Heap after GC invocations=5 (full 0):
 garbage-first heap   total 40960K, used 8064K [0x0000000700000000, 0x0000000800000000)
  region size 2048K, 2 young (4096K), 2 survivors (4096K)
 Metaspace       used 26936K, committed 27200K, reserved 1114112K
  class space    used 2808K, committed 2944K, reserved 1048576K
}
Event: 4.828 GC heap before
{Heap before GC invocations=5 (full 0):
 garbage-first heap   total 40960K, used 10112K [0x0000000700000000, 0x0000000800000000)
  region size 2048K, 3 young (6144K), 2 survivors (4096K)
 Metaspace       used 27484K, committed 27776K, reserved 1114112K
  class space    used 2851K, committed 3008K, reserved 1048576K
}
Event: 4.831 GC heap after
{Heap after GC invocations=6 (full 0):
 garbage-first heap   total 40960K, used 8379K [0x0000000700000000, 0x0000000800000000)
  region size 2048K, 1 young (2048K), 1 survivors (2048K)
 Metaspace       used 27484K, committed 27776K, reserved 1114112K
  class space    used 2851K, committed 3008K, reserved 1048576K
}
Event: 7.237 GC heap before
{Heap before GC invocations=6 (full 0):
 garbage-first heap   total 40960K, used 24763K [0x0000000700000000, 0x0000000800000000)
  region size 2048K, 10 young (20480K), 1 survivors (2048K)
 Metaspace       used 30917K, committed 31168K, reserved 1114112K
  class space    used 3194K, committed 3328K, reserved 1048576K
}
Event: 7.238 GC heap after
{Heap after GC invocations=7 (full 0):
 garbage-first heap   total 40960K, used 8825K [0x0000000700000000, 0x0000000800000000)
  region size 2048K, 1 young (2048K), 1 survivors (2048K)
 Metaspace       used 30917K, committed 31168K, reserved 1114112K
  class space    used 3194K, committed 3328K, reserved 1048576K
}

