# JRE version: OpenJDK Runtime Environment Zulu17.58+21-CA (17.0.15+6) (build 17.0.15+6-LTS)
# Java VM: OpenJDK 64-Bit Server VM Zulu17.58+21-CA (17.0.15+6-LTS, mixed mode, sharing, tiered, compressed oops, compressed class ptrs, g1 gc, bsd-aarch64)
GC Precious Log:
 CPUs: 10 total, 10 available
 Memory: 16384M
 Large Page Support: Disabled
 NUMA Support: Disabled
 Compressed Oops: Enabled (Zero based)
 Heap Region Size: 2M
 Heap Min Capacity: 8M
 Heap Initial Capacity: 256M
 Heap Max Capacity: 4G
 Pre-touch: Disabled
 Parallel Workers: 9
 Concurrent Workers: 2
 Concurrent Refinement Workers: 9
 Periodic GC: Disabled
Heap:
 garbage-first heap   total 40960K, used 15284K [0x0000000700000000, 0x0000000800000000)
  region size 2048K, 5 young (10240K), 1 survivors (2048K)
 Metaspace       used 31911K, committed 32192K, reserved 1114112K
  class space    used 3286K, committed 3456K, reserved 1048576K
GC Heap History (12 events):
Event: 0.393 GC heap before
{Heap before GC invocations=0 (full 0):
 garbage-first heap   total 266240K, used 22448K [0x0000000700000000, 0x0000000800000000)
  region size 2048K, 11 young (22528K), 0 survivors (0K)
 Metaspace       used 7136K, committed 7360K, reserved 1114112K
  class space    used 661K, committed 768K, reserved 1048576K
}
Event: 0.394 GC heap after
{Heap after GC invocations=1 (full 0):
 garbage-first heap   total 266240K, used 5417K [0x0000000700000000, 0x0000000800000000)
  region size 2048K, 2 young (4096K), 2 survivors (4096K)
 Metaspace       used 7136K, committed 7360K, reserved 1114112K
  class space    used 661K, committed 768K, reserved 1048576K
}
Event: 0.639 GC heap before
{Heap before GC invocations=1 (full 0):
 garbage-first heap   total 266240K, used 36137K [0x0000000700000000, 0x0000000800000000)
  region size 2048K, 16 young (32768K), 2 survivors (4096K)
 Metaspace       used 17989K, committed 18240K, reserved 1114112K
  class space    used 1933K, committed 2048K, reserved 1048576K
}
Event: 0.641 GC heap after
{Heap after GC invocations=2 (full 0):
 garbage-first heap   total 266240K, used 6560K [0x0000000700000000, 0x0000000800000000)
  region size 2048K, 1 young (2048K), 1 survivors (2048K)
 Metaspace       used 17989K, committed 18240K, reserved 1114112K
  class space    used 1933K, committed 2048K, reserved 1048576K
}
Event: 0.708 GC heap before
{Heap before GC invocations=2 (full 0):
 garbage-first heap   total 266240K, used 20896K [0x0000000700000000, 0x0000000800000000)
  region size 2048K, 9 young (18432K), 1 survivors (2048K)
 Metaspace       used 21311K, committed 21504K, reserved 1114112K
  class space    used 2270K, committed 2368K, reserved 1048576K
}
Event: 0.709 GC heap after
{Heap after GC invocations=3 (full 0):
 garbage-first heap   total 266240K, used 6986K [0x0000000700000000, 0x0000000800000000)
  region size 2048K, 1 young (2048K), 1 survivors (2048K)
 Metaspace       used 21311K, committed 21504K, reserved 1114112K
  class space    used 2270K, committed 2368K, reserved 1048576K
}
Event: 3.061 GC heap before
{Heap before GC invocations=4 (full 0):
 garbage-first heap   total 40960K, used 27466K [0x0000000700000000, 0x0000000800000000)
  region size 2048K, 12 young (24576K), 1 survivors (2048K)
 Metaspace       used 27613K, committed 27904K, reserved 1114112K
  class space    used 2888K, committed 3008K, reserved 1048576K
}
Event: 3.063 GC heap after
{Heap after GC invocations=5 (full 0):
 garbage-first heap   total 40960K, used 8222K [0x0000000700000000, 0x0000000800000000)
  region size 2048K, 2 young (4096K), 2 survivors (4096K)
 Metaspace       used 27613K, committed 27904K, reserved 1114112K
  class space    used 2888K, committed 3008K, reserved 1048576K
}
Event: 3.074 GC heap before
{Heap before GC invocations=5 (full 0):
 garbage-first heap   total 40960K, used 8222K [0x0000000700000000, 0x0000000800000000)
  region size 2048K, 3 young (6144K), 2 survivors (4096K)
 Metaspace       used 28151K, committed 28352K, reserved 1114112K
  class space    used 2947K, committed 3008K, reserved 1048576K
}
Event: 3.076 GC heap after
{Heap after GC invocations=6 (full 0):
 garbage-first heap   total 40960K, used 8609K [0x0000000700000000, 0x0000000800000000)
  region size 2048K, 1 young (2048K), 1 survivors (2048K)
 Metaspace       used 28151K, committed 28352K, reserved 1114112K
  class space    used 2947K, committed 3008K, reserved 1048576K
}
Event: 8.663 GC heap before
{Heap before GC invocations=6 (full 0):
 garbage-first heap   total 40960K, used 27041K [0x0000000700000000, 0x0000000800000000)
  region size 2048K, 10 young (20480K), 1 survivors (2048K)
 Metaspace       used 31300K, committed 31552K, reserved 1114112K
  class space    used 3230K, committed 3328K, reserved 1048576K
}
Event: 8.664 GC heap after
{Heap after GC invocations=7 (full 0):
 garbage-first heap   total 40960K, used 9140K [0x0000000700000000, 0x0000000800000000)
  region size 2048K, 1 young (2048K), 1 survivors (2048K)
 Metaspace       used 31300K, committed 31552K, reserved 1114112K
  class space    used 3230K, committed 3328K, reserved 1048576K
}

